<?xml version="1.0" encoding="UTF-8"?>
<!-- Generated by org.testng.reporters.JUnitReportReporter -->
<testsuite hostname="E0880027" failures="0" tests="8" name="testRunner.TestRunner" time="11.086" errors="0" timestamp="2022-04-10T12:10:42 EET" skipped="0">
  <testcase classname="testRunner.TestRunner" name="runScenario" time="1.118"/>
  <system-out/>
  <testcase classname="testRunner.TestRunner" name="runScenario" time="0.995"/>
  <system-out/>
  <testcase classname="testRunner.TestRunner" name="runScenario" time="1.005"/>
  <system-out/>
  <testcase classname="testRunner.TestRunner" name="runScenario" time="3.386"/>
  <system-out/>
  <testcase classname="testRunner.TestRunner" name="runScenario" time="0.903"/>
  <system-out/>
  <testcase classname="testRunner.TestRunner" name="runScenario" time="1.362"/>
  <system-out/>
  <testcase classname="testRunner.TestRunner" name="runScenario" time="1.182"/>
  <system-out/>
  <testcase classname="testRunner.TestRunner" name="runScenario" time="1.135"/>
  <system-out/>
</testsuite> <!-- testRunner.TestRunner -->
